<?xml version="1.0" encoding="UTF-8"?>
<!-- Generated by org.testng.reporters.JUnitReportReporter -->
<testsuite hostname="ubuntustorm" name="org.apache.storm.starter.bolt.RollingCountBoltTest" tests="4" failures="0" timestamp="23 May 2017 23:53:35 GMT" time="0.057" errors="0">
  <testcase name="shouldDeclareOutputFields" time="0.016" classname="org.apache.storm.starter.bolt.RollingCountBoltTest"/>
  <testcase name="shouldEmitNothingIfNoObjectHasBeenCountedYetAndTickTupleIsReceived" time="0.038" classname="org.apache.storm.starter.bolt.RollingCountBoltTest"/>
  <testcase name="shouldEmitSomethingIfAtLeastOneObjectWasCountedAndTickTupleIsReceived" time="0.003" classname="org.apache.storm.starter.bolt.RollingCountBoltTest"/>
  <testcase name="shouldSetTickTupleFrequencyInComponentConfigurationToNonZeroValue" time="0.000" classname="org.apache.storm.starter.bolt.RollingCountBoltTest"/>
</testsuite> <!-- org.apache.storm.starter.bolt.RollingCountBoltTest -->
