<?xml version="1.0" encoding="UTF-8"?>
<!-- Generated by org.testng.reporters.JUnitReportReporter -->
<testsuite hostname="ubuntustorm" name="org.apache.storm.starter.tools.SlidingWindowCounterTest" tests="15" failures="0" timestamp="20 Dec 2017 22:27:43 GMT" time="0.007" errors="0">
  <testcase name="lessThanTwoSlotsShouldThrowIAE" time="0.000" classname="org.apache.storm.starter.tools.SlidingWindowCounterTest"/>
  <testcase name="twoOrMoreSlotsShouldBeValid" time="0.000" classname="org.apache.storm.starter.tools.SlidingWindowCounterTest"/>
  <testcase name="lessThanTwoSlotsShouldThrowIAE" time="0.001" classname="org.apache.storm.starter.tools.SlidingWindowCounterTest"/>
  <testcase name="testCounterWithSimulatedRuns" time="0.001" classname="org.apache.storm.starter.tools.SlidingWindowCounterTest"/>
  <testcase name="lessThanTwoSlotsShouldThrowIAE" time="0.001" classname="org.apache.storm.starter.tools.SlidingWindowCounterTest"/>
  <testcase name="twoOrMoreSlotsShouldBeValid" time="0.000" classname="org.apache.storm.starter.tools.SlidingWindowCounterTest"/>
  <testcase name="testCounterWithSimulatedRuns" time="0.000" classname="org.apache.storm.starter.tools.SlidingWindowCounterTest"/>
  <testcase name="testCounterWithSimulatedRuns" time="0.000" classname="org.apache.storm.starter.tools.SlidingWindowCounterTest"/>
  <testcase name="twoOrMoreSlotsShouldBeValid" time="0.000" classname="org.apache.storm.starter.tools.SlidingWindowCounterTest"/>
  <testcase name="newInstanceShouldHaveEmptyCounts" time="0.002" classname="org.apache.storm.starter.tools.SlidingWindowCounterTest"/>
  <testcase name="testCounterWithSimulatedRuns" time="0.000" classname="org.apache.storm.starter.tools.SlidingWindowCounterTest"/>
  <testcase name="lessThanTwoSlotsShouldThrowIAE" time="0.000" classname="org.apache.storm.starter.tools.SlidingWindowCounterTest"/>
  <testcase name="lessThanTwoSlotsShouldThrowIAE" time="0.000" classname="org.apache.storm.starter.tools.SlidingWindowCounterTest"/>
  <testcase name="testCounterWithSimulatedRuns" time="0.002" classname="org.apache.storm.starter.tools.SlidingWindowCounterTest"/>
  <testcase name="lessThanTwoSlotsShouldThrowIAE" time="0.000" classname="org.apache.storm.starter.tools.SlidingWindowCounterTest"/>
</testsuite> <!-- org.apache.storm.starter.tools.SlidingWindowCounterTest -->
