<?xml version="1.0" encoding="UTF-8"?>
<!-- Generated by org.testng.reporters.JUnitReportReporter -->
<testsuite hostname="ubuntustorm" name="org.apache.storm.starter.tools.RankingsTest" tests="60" failures="0" timestamp="28 Jun 2017 16:51:30 GMT" time="0.169" errors="0">
  <testcase name="copyConstructorShouldReturnCopy" time="0.003" classname="org.apache.storm.starter.tools.RankingsTest"/>
  <testcase name="copyShouldReturnDefensiveCopy" time="0.001" classname="org.apache.storm.starter.tools.RankingsTest"/>
  <testcase name="constructorWithPositiveTopNShouldBeOk" time="0.020" classname="org.apache.storm.starter.tools.RankingsTest"/>
  <testcase name="shouldCorrectlyRankWhenEmptyAndUpdatedWithOtherRankings" time="0.005" classname="org.apache.storm.starter.tools.RankingsTest"/>
  <testcase name="copyShouldReturnDefensiveCopy" time="0.001" classname="org.apache.storm.starter.tools.RankingsTest"/>
  <testcase name="shouldCorrectlyRankWhenUpdatedWithRankables" time="0.000" classname="org.apache.storm.starter.tools.RankingsTest"/>
  <testcase name="shouldRemoveZeroCounts" time="0.001" classname="org.apache.storm.starter.tools.RankingsTest"/>
  <testcase name="copyConstructorShouldReturnDefensiveCopy" time="0.000" classname="org.apache.storm.starter.tools.RankingsTest"/>
  <testcase name="copyShouldReturnCopy" time="0.001" classname="org.apache.storm.starter.tools.RankingsTest"/>
  <testcase name="shouldRemoveZeroCounts" time="0.000" classname="org.apache.storm.starter.tools.RankingsTest"/>
  <testcase name="shouldCorrectlyRankWhenEmptyAndUpdatedWithOtherRankings" time="0.000" classname="org.apache.storm.starter.tools.RankingsTest"/>
  <testcase name="shouldRemoveZeroCounts" time="0.000" classname="org.apache.storm.starter.tools.RankingsTest"/>
  <testcase name="shouldCorrectlyRankWhenUpdatedWithEmptyOtherRankings" time="0.001" classname="org.apache.storm.starter.tools.RankingsTest"/>
  <testcase name="shouldCorrectlyRankWhenUpdatedWithEmptyOtherRankings" time="0.000" classname="org.apache.storm.starter.tools.RankingsTest"/>
  <testcase name="copyShouldReturnDefensiveCopy" time="0.000" classname="org.apache.storm.starter.tools.RankingsTest"/>
  <testcase name="constructorWithNegativeOrZeroTopNShouldThrowIAE" time="0.008" classname="org.apache.storm.starter.tools.RankingsTest"/>
  <testcase name="constructorWithPositiveTopNShouldBeOk" time="0.001" classname="org.apache.storm.starter.tools.RankingsTest"/>
  <testcase name="shouldCorrectlyRankWhenUpdatedWithRankables" time="0.000" classname="org.apache.storm.starter.tools.RankingsTest"/>
  <testcase name="shouldCorrectlyRankWhenUpdatedWithEmptyOtherRankings" time="0.001" classname="org.apache.storm.starter.tools.RankingsTest"/>
  <testcase name="copyConstructorShouldReturnCopy" time="0.000" classname="org.apache.storm.starter.tools.RankingsTest"/>
  <testcase name="shouldRemoveZeroCounts" time="0.000" classname="org.apache.storm.starter.tools.RankingsTest"/>
  <testcase name="copyConstructorShouldReturnDefensiveCopy" time="0.001" classname="org.apache.storm.starter.tools.RankingsTest"/>
  <testcase name="shouldNotRankDuplicateObjectsMoreThanOnce" time="0.001" classname="org.apache.storm.starter.tools.RankingsTest"/>
  <testcase name="constructorWithNegativeOrZeroTopNShouldThrowIAE" time="0.000" classname="org.apache.storm.starter.tools.RankingsTest"/>
  <testcase name="shouldNotRankDuplicateObjectsMoreThanOnce" time="0.000" classname="org.apache.storm.starter.tools.RankingsTest"/>
  <testcase name="copyShouldReturnCopy" time="0.000" classname="org.apache.storm.starter.tools.RankingsTest"/>
  <testcase name="shouldCorrectlyRankWhenNotEmptyAndUpdatedWithOtherRankings" time="0.000" classname="org.apache.storm.starter.tools.RankingsTest"/>
  <testcase name="shouldRemoveZeroCounts" time="0.004" classname="org.apache.storm.starter.tools.RankingsTest"/>
  <testcase name="shouldCorrectlyRankWhenNotEmptyAndUpdatedWithOtherRankings" time="0.000" classname="org.apache.storm.starter.tools.RankingsTest"/>
  <testcase name="shouldRemoveZeroCounts" time="0.000" classname="org.apache.storm.starter.tools.RankingsTest"/>
  <testcase name="copyConstructorShouldReturnDefensiveCopy" time="0.001" classname="org.apache.storm.starter.tools.RankingsTest"/>
  <testcase name="copyConstructorShouldReturnDefensiveCopy" time="0.001" classname="org.apache.storm.starter.tools.RankingsTest"/>
  <testcase name="copyShouldReturnDefensiveCopy" time="0.000" classname="org.apache.storm.starter.tools.RankingsTest"/>
  <testcase name="sizeOfRankingsShouldNotGrowBeyondTopN" time="0.001" classname="org.apache.storm.starter.tools.RankingsTest"/>
  <testcase name="constructorWithPositiveTopNShouldBeOk" time="0.000" classname="org.apache.storm.starter.tools.RankingsTest"/>
  <testcase name="updatingWithNewRankablesShouldBeThreadSafe" time="0.057" classname="org.apache.storm.starter.tools.RankingsTest"/>
  <testcase name="shouldCorrectlyRankWhenNotEmptyAndUpdatedWithOtherRankings" time="0.000" classname="org.apache.storm.starter.tools.RankingsTest"/>
  <testcase name="shouldCorrectlyRankWhenNotEmptyAndUpdatedWithOtherRankings" time="0.001" classname="org.apache.storm.starter.tools.RankingsTest"/>
  <testcase name="copyShouldReturnCopy" time="0.000" classname="org.apache.storm.starter.tools.RankingsTest"/>
  <testcase name="sizeOfRankingsShouldNotGrowBeyondTopN" time="0.028" classname="org.apache.storm.starter.tools.RankingsTest"/>
  <testcase name="shouldCorrectlyRankWhenUpdatedWithRankables" time="0.000" classname="org.apache.storm.starter.tools.RankingsTest"/>
  <testcase name="shouldRemoveZeroCounts" time="0.000" classname="org.apache.storm.starter.tools.RankingsTest"/>
  <testcase name="shouldCorrectlyRankWhenEmptyAndUpdatedWithOtherRankings" time="0.000" classname="org.apache.storm.starter.tools.RankingsTest"/>
  <testcase name="copyConstructorShouldReturnCopy" time="0.000" classname="org.apache.storm.starter.tools.RankingsTest"/>
  <testcase name="copyConstructorShouldReturnCopy" time="0.001" classname="org.apache.storm.starter.tools.RankingsTest"/>
  <testcase name="copyShouldReturnDefensiveCopy" time="0.000" classname="org.apache.storm.starter.tools.RankingsTest"/>
  <testcase name="shouldCorrectlyRankWhenEmptyAndUpdatedWithOtherRankings" time="0.001" classname="org.apache.storm.starter.tools.RankingsTest"/>
  <testcase name="shouldCorrectlyRankWhenUpdatedWithEmptyOtherRankings" time="0.000" classname="org.apache.storm.starter.tools.RankingsTest"/>
  <testcase name="constructorWithNegativeOrZeroTopNShouldThrowIAE" time="0.006" classname="org.apache.storm.starter.tools.RankingsTest"/>
  <testcase name="copyShouldReturnDefensiveCopy" time="0.000" classname="org.apache.storm.starter.tools.RankingsTest"/>
  <testcase name="defaultConstructorShouldSetPositiveTopN" time="0.001" classname="org.apache.storm.starter.tools.RankingsTest"/>
  <testcase name="copyConstructorShouldReturnDefensiveCopy" time="0.000" classname="org.apache.storm.starter.tools.RankingsTest"/>
  <testcase name="shouldCorrectlyRankWhenUpdatedWithRankables" time="0.000" classname="org.apache.storm.starter.tools.RankingsTest"/>
  <testcase name="copyConstructorShouldReturnDefensiveCopy" time="0.000" classname="org.apache.storm.starter.tools.RankingsTest"/>
  <testcase name="copyConstructorShouldReturnCopy" time="0.020" classname="org.apache.storm.starter.tools.RankingsTest"/>
  <testcase name="shouldHaveDefaultConstructor" time="0.000" classname="org.apache.storm.starter.tools.RankingsTest"/>
  <testcase name="constructorWithPositiveTopNShouldBeOk" time="0.000" classname="org.apache.storm.starter.tools.RankingsTest"/>
  <testcase name="copyShouldReturnCopy" time="0.001" classname="org.apache.storm.starter.tools.RankingsTest"/>
  <testcase name="copyShouldReturnCopy" time="0.000" classname="org.apache.storm.starter.tools.RankingsTest"/>
  <testcase name="constructorWithNegativeOrZeroTopNShouldThrowIAE" time="0.001" classname="org.apache.storm.starter.tools.RankingsTest"/>
</testsuite> <!-- org.apache.storm.starter.tools.RankingsTest -->
