<?xml version="1.0" encoding="UTF-8"?>
<!-- Generated by org.testng.reporters.JUnitReportReporter -->
<testsuite hostname="ubuntustorm" name="org.apache.storm.starter.bolt.RollingCountBoltTest" tests="4" failures="0" timestamp="17 Aug 2017 18:02:10 GMT" time="0.110" errors="0">
  <testcase name="shouldSetTickTupleFrequencyInComponentConfigurationToNonZeroValue" time="0.000" classname="org.apache.storm.starter.bolt.RollingCountBoltTest"/>
  <testcase name="shouldDeclareOutputFields" time="0.034" classname="org.apache.storm.starter.bolt.RollingCountBoltTest"/>
  <testcase name="shouldEmitSomethingIfAtLeastOneObjectWasCountedAndTickTupleIsReceived" time="0.003" classname="org.apache.storm.starter.bolt.RollingCountBoltTest"/>
  <testcase name="shouldEmitNothingIfNoObjectHasBeenCountedYetAndTickTupleIsReceived" time="0.073" classname="org.apache.storm.starter.bolt.RollingCountBoltTest"/>
</testsuite> <!-- org.apache.storm.starter.bolt.RollingCountBoltTest -->
