<?xml version="1.0" encoding="UTF-8"?>
<!-- Generated by org.testng.reporters.JUnitReportReporter -->
<testsuite hostname="ubuntustorm" name="org.apache.storm.starter.tools.NthLastModifiedTimeTrackerTest" tests="39" failures="0" timestamp="25 Apr 2017 17:41:42 GMT" time="0.481" errors="0">
  <testcase name="negativeOrZeroNumTimesToTrackShouldThrowIAE" time="0.000" classname="org.apache.storm.starter.tools.NthLastModifiedTimeTrackerTest"/>
  <testcase name="shouldReturnCorrectModifiedTimeEvenWhenNotYetMarkedAsModified" time="0.012" classname="org.apache.storm.starter.tools.NthLastModifiedTimeTrackerTest"/>
  <testcase name="shouldReturnCorrectModifiedTimeWhenMarkedAsModified" time="0.001" classname="org.apache.storm.starter.tools.NthLastModifiedTimeTrackerTest"/>
  <testcase name="shouldReturnCorrectModifiedTimeWhenMarkedAsModified" time="0.001" classname="org.apache.storm.starter.tools.NthLastModifiedTimeTrackerTest"/>
  <testcase name="negativeOrZeroNumTimesToTrackShouldThrowIAE" time="0.000" classname="org.apache.storm.starter.tools.NthLastModifiedTimeTrackerTest"/>
  <testcase name="shouldReturnCorrectModifiedTimeWhenMarkedAsModified" time="0.001" classname="org.apache.storm.starter.tools.NthLastModifiedTimeTrackerTest"/>
  <testcase name="shouldReturnCorrectModifiedTimeWhenMarkedAsModified" time="0.002" classname="org.apache.storm.starter.tools.NthLastModifiedTimeTrackerTest"/>
  <testcase name="shouldReturnCorrectModifiedTimeEvenWhenNotYetMarkedAsModified" time="0.000" classname="org.apache.storm.starter.tools.NthLastModifiedTimeTrackerTest"/>
  <testcase name="shouldReturnCorrectModifiedTimeWhenMarkedAsModified" time="0.001" classname="org.apache.storm.starter.tools.NthLastModifiedTimeTrackerTest"/>
  <testcase name="shouldReturnCorrectModifiedTimeWhenMarkedAsModified" time="0.001" classname="org.apache.storm.starter.tools.NthLastModifiedTimeTrackerTest"/>
  <testcase name="shouldReturnCorrectModifiedTimeWhenMarkedAsModified" time="0.001" classname="org.apache.storm.starter.tools.NthLastModifiedTimeTrackerTest"/>
  <testcase name="negativeOrZeroNumTimesToTrackShouldThrowIAE" time="0.000" classname="org.apache.storm.starter.tools.NthLastModifiedTimeTrackerTest"/>
  <testcase name="shouldReturnCorrectModifiedTimeWhenMarkedAsModified" time="0.013" classname="org.apache.storm.starter.tools.NthLastModifiedTimeTrackerTest"/>
  <testcase name="shouldReturnCorrectModifiedTimeWhenMarkedAsModified" time="0.000" classname="org.apache.storm.starter.tools.NthLastModifiedTimeTrackerTest"/>
  <testcase name="shouldReturnCorrectModifiedTimeWhenMarkedAsModified" time="0.001" classname="org.apache.storm.starter.tools.NthLastModifiedTimeTrackerTest"/>
  <testcase name="shouldReturnCorrectModifiedTimeWhenMarkedAsModified" time="0.000" classname="org.apache.storm.starter.tools.NthLastModifiedTimeTrackerTest"/>
  <testcase name="negativeOrZeroNumTimesToTrackShouldThrowIAE" time="0.000" classname="org.apache.storm.starter.tools.NthLastModifiedTimeTrackerTest"/>
  <testcase name="negativeOrZeroNumTimesToTrackShouldThrowIAE" time="0.001" classname="org.apache.storm.starter.tools.NthLastModifiedTimeTrackerTest"/>
  <testcase name="shouldReturnCorrectModifiedTimeEvenWhenNotYetMarkedAsModified" time="0.000" classname="org.apache.storm.starter.tools.NthLastModifiedTimeTrackerTest"/>
  <testcase name="shouldReturnCorrectModifiedTimeWhenMarkedAsModified" time="0.000" classname="org.apache.storm.starter.tools.NthLastModifiedTimeTrackerTest"/>
  <testcase name="shouldReturnCorrectModifiedTimeEvenWhenNotYetMarkedAsModified" time="0.000" classname="org.apache.storm.starter.tools.NthLastModifiedTimeTrackerTest"/>
  <testcase name="shouldReturnCorrectModifiedTimeEvenWhenNotYetMarkedAsModified" time="0.000" classname="org.apache.storm.starter.tools.NthLastModifiedTimeTrackerTest"/>
  <testcase name="shouldReturnCorrectModifiedTimeWhenMarkedAsModified" time="0.001" classname="org.apache.storm.starter.tools.NthLastModifiedTimeTrackerTest"/>
  <testcase name="shouldReturnCorrectModifiedTimeEvenWhenNotYetMarkedAsModified" time="0.001" classname="org.apache.storm.starter.tools.NthLastModifiedTimeTrackerTest"/>
  <testcase name="positiveNumTimesToTrackShouldBeOk" time="0.434" classname="org.apache.storm.starter.tools.NthLastModifiedTimeTrackerTest"/>
  <testcase name="shouldReturnCorrectModifiedTimeWhenMarkedAsModified" time="0.001" classname="org.apache.storm.starter.tools.NthLastModifiedTimeTrackerTest"/>
  <testcase name="positiveNumTimesToTrackShouldBeOk" time="0.000" classname="org.apache.storm.starter.tools.NthLastModifiedTimeTrackerTest"/>
  <testcase name="shouldReturnCorrectModifiedTimeWhenMarkedAsModified" time="0.001" classname="org.apache.storm.starter.tools.NthLastModifiedTimeTrackerTest"/>
  <testcase name="positiveNumTimesToTrackShouldBeOk" time="0.001" classname="org.apache.storm.starter.tools.NthLastModifiedTimeTrackerTest"/>
  <testcase name="shouldReturnCorrectModifiedTimeWhenMarkedAsModified" time="0.001" classname="org.apache.storm.starter.tools.NthLastModifiedTimeTrackerTest"/>
  <testcase name="shouldReturnCorrectModifiedTimeWhenMarkedAsModified" time="0.001" classname="org.apache.storm.starter.tools.NthLastModifiedTimeTrackerTest"/>
  <testcase name="shouldReturnCorrectModifiedTimeWhenMarkedAsModified" time="0.001" classname="org.apache.storm.starter.tools.NthLastModifiedTimeTrackerTest"/>
  <testcase name="shouldReturnCorrectModifiedTimeWhenMarkedAsModified" time="0.002" classname="org.apache.storm.starter.tools.NthLastModifiedTimeTrackerTest"/>
  <testcase name="positiveNumTimesToTrackShouldBeOk" time="0.000" classname="org.apache.storm.starter.tools.NthLastModifiedTimeTrackerTest"/>
  <testcase name="shouldReturnCorrectModifiedTimeEvenWhenNotYetMarkedAsModified" time="0.000" classname="org.apache.storm.starter.tools.NthLastModifiedTimeTrackerTest"/>
  <testcase name="shouldReturnCorrectModifiedTimeWhenMarkedAsModified" time="0.000" classname="org.apache.storm.starter.tools.NthLastModifiedTimeTrackerTest"/>
  <testcase name="shouldReturnCorrectModifiedTimeEvenWhenNotYetMarkedAsModified" time="0.001" classname="org.apache.storm.starter.tools.NthLastModifiedTimeTrackerTest"/>
  <testcase name="shouldReturnCorrectModifiedTimeWhenMarkedAsModified" time="0.000" classname="org.apache.storm.starter.tools.NthLastModifiedTimeTrackerTest"/>
  <testcase name="shouldReturnCorrectModifiedTimeWhenMarkedAsModified" time="0.001" classname="org.apache.storm.starter.tools.NthLastModifiedTimeTrackerTest"/>
</testsuite> <!-- org.apache.storm.starter.tools.NthLastModifiedTimeTrackerTest -->
